<<<<<<< HEAD
2024-12-01 10:51:08,028 INFO  org.talend.commons.utils.time.TimeMeasurePerformance  -   Start 'logOnProject', logon project name 'Movies' ...
2024-12-01 10:51:08,198 INFO  org.talend.commons.utils.time.TimeMeasurePerformance  -   -> 'logOnProject', step name 'Install components', elapsed time since previous step: 170 ms
2024-12-01 10:51:08,201 INFO  org.talend.commons.utils.time.TimeMeasurePerformance  -   -> 'logOnProject', step name 'beforeLogon', elapsed time since previous step: 3 ms
2024-12-01 10:51:08,836 INFO  org.talend.commons.utils.time.TimeMeasurePerformance  -   -> 'logOnProject', step name 'Sync components libraries', elapsed time since previous step: 635 ms
2024-12-01 10:51:08,879 INFO  org.talend.commons.utils.time.TimeMeasurePerformance  -   -> 'logOnProject', step name 'executeMigrations(beforeLogonTasks)', elapsed time since previous step: 43 ms
2024-12-01 10:51:08,976 INFO  org.talend.commons.utils.time.TimeMeasurePerformance  -   -> 'logOnProject', step name 'logOnProject', elapsed time since previous step: 97 ms
2024-12-01 10:51:09,091 INFO  org.talend.commons.utils.time.TimeMeasurePerformance  -   -> 'logOnProject', step name 'executeMigrations(afterLogonTasks)', elapsed time since previous step: 115 ms
2024-12-01 10:51:09,100 INFO  org.talend.commons.utils.time.TimeMeasurePerformance  -   -> 'logOnProject', step name 'clean Java project', elapsed time since previous step: 9 ms
2024-12-01 10:51:10,132 INFO  org.talend.commons.utils.time.TimeMeasurePerformance  -   -> 'logOnProject', step name 'clean workspace history', elapsed time since previous step: 1032 ms
2024-12-01 10:51:10,136 INFO  org.talend.commons.utils.time.TimeMeasurePerformance  -   -> 'logOnProject', step name 'sync log4j', elapsed time since previous step: 4 ms
2024-12-01 10:51:10,143 INFO  org.talend.commons.utils.time.TimeMeasurePerformance  -   End 'logOnProject', elapsed time since last request: 4 ms 
2024-12-01 10:51:10,143 INFO  org.talend.commons.utils.time.TimeMeasurePerformance  -   End 'logOnProject', total elapsed time: 2115 ms 
2024-12-01 10:51:14,815 INFO  org.talend.commons.utils.time.TimeMeasurePerformance  - Warning (end): timer logOnProject does'nt exist
2024-12-01 10:51:20,187 INFO  org.talend.commons.utils.time.TimeMeasurePerformance  - Warning (end): timer logOnProject does'nt exist
=======
2024-12-01 10:45:41,405 INFO  org.talend.commons.utils.time.TimeMeasurePerformance  -   Start 'logOnProject', logon project name 'Movies' ...
2024-12-01 10:45:41,584 INFO  org.talend.commons.utils.time.TimeMeasurePerformance  -   -> 'logOnProject', step name 'Install components', elapsed time since previous step: 179 ms
2024-12-01 10:45:41,587 INFO  org.talend.commons.utils.time.TimeMeasurePerformance  -   -> 'logOnProject', step name 'beforeLogon', elapsed time since previous step: 3 ms
2024-12-01 10:45:42,611 INFO  org.talend.commons.utils.time.TimeMeasurePerformance  -   -> 'logOnProject', step name 'Sync components libraries', elapsed time since previous step: 1024 ms
2024-12-01 10:45:42,659 INFO  org.talend.commons.utils.time.TimeMeasurePerformance  -   -> 'logOnProject', step name 'executeMigrations(beforeLogonTasks)', elapsed time since previous step: 48 ms
2024-12-01 10:45:42,760 INFO  org.talend.commons.utils.time.TimeMeasurePerformance  -   -> 'logOnProject', step name 'logOnProject', elapsed time since previous step: 101 ms
2024-12-01 10:45:42,940 INFO  org.talend.commons.utils.time.TimeMeasurePerformance  -   -> 'logOnProject', step name 'executeMigrations(afterLogonTasks)', elapsed time since previous step: 180 ms
2024-12-01 10:45:42,950 INFO  org.talend.commons.utils.time.TimeMeasurePerformance  -   -> 'logOnProject', step name 'clean Java project', elapsed time since previous step: 10 ms
2024-12-01 10:45:43,021 INFO  org.talend.commons.utils.time.TimeMeasurePerformance  -   -> 'logOnProject', step name 'clean workspace history', elapsed time since previous step: 71 ms
2024-12-01 10:45:43,026 INFO  org.talend.commons.utils.time.TimeMeasurePerformance  -   -> 'logOnProject', step name 'sync log4j', elapsed time since previous step: 5 ms
2024-12-01 10:45:43,029 INFO  org.talend.commons.utils.time.TimeMeasurePerformance  -   End 'logOnProject', elapsed time since last request: 5 ms 
2024-12-01 10:45:43,029 INFO  org.talend.commons.utils.time.TimeMeasurePerformance  -   End 'logOnProject', total elapsed time: 1624 ms 
2024-12-01 10:45:48,243 INFO  org.talend.commons.utils.time.TimeMeasurePerformance  - Warning (end): timer logOnProject does'nt exist
2024-12-01 10:45:54,920 INFO  org.talend.commons.utils.time.TimeMeasurePerformance  - Warning (end): timer logOnProject does'nt exist
>>>>>>> 1711de5390240c852b4a7cde2b8bd4c5f0036b24
2024-12-01 11:26:15,033 INFO  org.talend.commons.utils.time.TimeMeasurePerformance  -   Start 'logOnProject', logon project name 'Movies' ...
2024-12-01 11:26:15,318 INFO  org.talend.commons.utils.time.TimeMeasurePerformance  -   -> 'logOnProject', step name 'Install components', elapsed time since previous step: 285 ms
2024-12-01 11:26:15,324 INFO  org.talend.commons.utils.time.TimeMeasurePerformance  -   -> 'logOnProject', step name 'beforeLogon', elapsed time since previous step: 6 ms
2024-12-01 11:26:16,139 INFO  org.talend.commons.utils.time.TimeMeasurePerformance  -   -> 'logOnProject', step name 'Sync components libraries', elapsed time since previous step: 815 ms
2024-12-01 11:26:16,167 INFO  org.talend.commons.utils.time.TimeMeasurePerformance  -   -> 'logOnProject', step name 'executeMigrations(beforeLogonTasks)', elapsed time since previous step: 27 ms
2024-12-01 11:26:17,704 INFO  org.talend.commons.utils.time.TimeMeasurePerformance  -   -> 'logOnProject', step name 'logOnProject', elapsed time since previous step: 1538 ms
2024-12-01 11:26:17,837 INFO  org.talend.commons.utils.time.TimeMeasurePerformance  -   -> 'logOnProject', step name 'executeMigrations(afterLogonTasks)', elapsed time since previous step: 133 ms
2024-12-01 11:26:17,838 INFO  org.talend.commons.utils.time.TimeMeasurePerformance  -   End 'logOnProject', elapsed time since last request: 133 ms 
2024-12-01 11:26:17,838 INFO  org.talend.commons.utils.time.TimeMeasurePerformance  -   End 'logOnProject', total elapsed time: 2805 ms 
2024-12-01 11:44:44,072 INFO  org.talend.commons.utils.time.TimeMeasurePerformance  -   Start 'logOnProject', logon project name 'Movies' ...
2024-12-01 11:44:44,396 INFO  org.talend.commons.utils.time.TimeMeasurePerformance  -   -> 'logOnProject', step name 'Install components', elapsed time since previous step: 324 ms
2024-12-01 11:44:44,403 INFO  org.talend.commons.utils.time.TimeMeasurePerformance  -   -> 'logOnProject', step name 'beforeLogon', elapsed time since previous step: 7 ms
2024-12-01 11:44:45,115 INFO  org.talend.commons.utils.time.TimeMeasurePerformance  -   -> 'logOnProject', step name 'Sync components libraries', elapsed time since previous step: 712 ms
2024-12-01 11:44:45,160 INFO  org.talend.commons.utils.time.TimeMeasurePerformance  -   -> 'logOnProject', step name 'executeMigrations(beforeLogonTasks)', elapsed time since previous step: 45 ms
2024-12-01 11:44:47,271 INFO  org.talend.commons.utils.time.TimeMeasurePerformance  -   -> 'logOnProject', step name 'logOnProject', elapsed time since previous step: 2111 ms
2024-12-01 11:44:47,454 INFO  org.talend.commons.utils.time.TimeMeasurePerformance  -   -> 'logOnProject', step name 'executeMigrations(afterLogonTasks)', elapsed time since previous step: 183 ms
2024-12-01 11:44:48,072 INFO  org.talend.commons.utils.time.TimeMeasurePerformance  -   -> 'logOnProject', step name 'clean Java project', elapsed time since previous step: 618 ms
2024-12-01 11:44:49,224 INFO  org.talend.commons.utils.time.TimeMeasurePerformance  -   -> 'logOnProject', step name 'clean workspace history', elapsed time since previous step: 1152 ms
2024-12-01 11:44:49,238 INFO  org.talend.commons.utils.time.TimeMeasurePerformance  -   -> 'logOnProject', step name 'sync log4j', elapsed time since previous step: 14 ms
2024-12-01 11:44:49,244 INFO  org.talend.commons.utils.time.TimeMeasurePerformance  -   End 'logOnProject', elapsed time since last request: 14 ms 
2024-12-01 11:44:49,244 INFO  org.talend.commons.utils.time.TimeMeasurePerformance  -   End 'logOnProject', total elapsed time: 5172 ms 
2024-12-01 11:44:54,076 INFO  org.talend.commons.utils.time.TimeMeasurePerformance  - Warning (end): timer logOnProject does'nt exist
2024-12-01 11:45:00,177 INFO  org.talend.commons.utils.time.TimeMeasurePerformance  - Warning (end): timer logOnProject does'nt exist
2024-12-01 11:47:56,405 INFO  org.talend.commons.utils.time.TimeMeasurePerformance  -   Start 'logOnProject', logon project name 'Movies' ...
2024-12-01 11:47:56,544 INFO  org.talend.commons.utils.time.TimeMeasurePerformance  -   -> 'logOnProject', step name 'Install components', elapsed time since previous step: 139 ms
2024-12-01 11:47:56,548 INFO  org.talend.commons.utils.time.TimeMeasurePerformance  -   -> 'logOnProject', step name 'beforeLogon', elapsed time since previous step: 4 ms
2024-12-01 11:47:57,166 INFO  org.talend.commons.utils.time.TimeMeasurePerformance  -   -> 'logOnProject', step name 'Sync components libraries', elapsed time since previous step: 618 ms
2024-12-01 11:47:57,205 INFO  org.talend.commons.utils.time.TimeMeasurePerformance  -   -> 'logOnProject', step name 'executeMigrations(beforeLogonTasks)', elapsed time since previous step: 39 ms
2024-12-01 11:47:57,307 INFO  org.talend.commons.utils.time.TimeMeasurePerformance  -   -> 'logOnProject', step name 'logOnProject', elapsed time since previous step: 102 ms
2024-12-01 11:47:57,443 INFO  org.talend.commons.utils.time.TimeMeasurePerformance  -   -> 'logOnProject', step name 'executeMigrations(afterLogonTasks)', elapsed time since previous step: 136 ms
2024-12-01 11:47:57,452 INFO  org.talend.commons.utils.time.TimeMeasurePerformance  -   -> 'logOnProject', step name 'clean Java project', elapsed time since previous step: 9 ms
2024-12-01 11:48:00,859 INFO  org.talend.commons.utils.time.TimeMeasurePerformance  -   -> 'logOnProject', step name 'clean workspace history', elapsed time since previous step: 3407 ms
2024-12-01 11:48:00,863 INFO  org.talend.commons.utils.time.TimeMeasurePerformance  -   -> 'logOnProject', step name 'sync log4j', elapsed time since previous step: 4 ms
2024-12-01 11:48:00,869 INFO  org.talend.commons.utils.time.TimeMeasurePerformance  -   End 'logOnProject', elapsed time since last request: 4 ms 
2024-12-01 11:48:00,870 INFO  org.talend.commons.utils.time.TimeMeasurePerformance  -   End 'logOnProject', total elapsed time: 4465 ms 
2024-12-01 11:48:04,653 INFO  org.talend.commons.utils.time.TimeMeasurePerformance  - Warning (end): timer logOnProject does'nt exist
2024-12-01 11:48:09,925 INFO  org.talend.commons.utils.time.TimeMeasurePerformance  - Warning (end): timer logOnProject does'nt exist
2024-12-01 11:50:14,635 INFO  org.talend.commons.utils.time.TimeMeasurePerformance  -   Start 'logOnProject', logon project name 'Movies' ...
2024-12-01 11:50:14,772 INFO  org.talend.commons.utils.time.TimeMeasurePerformance  -   -> 'logOnProject', step name 'Install components', elapsed time since previous step: 137 ms
2024-12-01 11:50:14,777 INFO  org.talend.commons.utils.time.TimeMeasurePerformance  -   -> 'logOnProject', step name 'beforeLogon', elapsed time since previous step: 5 ms
2024-12-01 11:50:15,361 INFO  org.talend.commons.utils.time.TimeMeasurePerformance  -   -> 'logOnProject', step name 'Sync components libraries', elapsed time since previous step: 584 ms
2024-12-01 11:50:15,400 INFO  org.talend.commons.utils.time.TimeMeasurePerformance  -   -> 'logOnProject', step name 'executeMigrations(beforeLogonTasks)', elapsed time since previous step: 39 ms
2024-12-01 11:50:15,501 INFO  org.talend.commons.utils.time.TimeMeasurePerformance  -   -> 'logOnProject', step name 'logOnProject', elapsed time since previous step: 101 ms
2024-12-01 11:50:15,611 INFO  org.talend.commons.utils.time.TimeMeasurePerformance  -   -> 'logOnProject', step name 'executeMigrations(afterLogonTasks)', elapsed time since previous step: 110 ms
2024-12-01 11:50:15,618 INFO  org.talend.commons.utils.time.TimeMeasurePerformance  -   -> 'logOnProject', step name 'clean Java project', elapsed time since previous step: 7 ms
2024-12-01 11:50:17,862 INFO  org.talend.commons.utils.time.TimeMeasurePerformance  -   -> 'logOnProject', step name 'clean workspace history', elapsed time since previous step: 2244 ms
2024-12-01 11:50:17,867 INFO  org.talend.commons.utils.time.TimeMeasurePerformance  -   -> 'logOnProject', step name 'sync log4j', elapsed time since previous step: 5 ms
2024-12-01 11:50:17,875 INFO  org.talend.commons.utils.time.TimeMeasurePerformance  -   End 'logOnProject', elapsed time since last request: 5 ms 
2024-12-01 11:50:17,875 INFO  org.talend.commons.utils.time.TimeMeasurePerformance  -   End 'logOnProject', total elapsed time: 3240 ms 
2024-12-01 11:50:22,027 INFO  org.talend.commons.utils.time.TimeMeasurePerformance  - Warning (end): timer logOnProject does'nt exist
2024-12-01 11:50:27,440 INFO  org.talend.commons.utils.time.TimeMeasurePerformance  - Warning (end): timer logOnProject does'nt exist
2024-12-01 12:12:36,109 INFO  org.talend.commons.utils.time.TimeMeasurePerformance  -   Start 'logOnProject', logon project name 'Movies' ...
2024-12-01 12:12:36,261 INFO  org.talend.commons.utils.time.TimeMeasurePerformance  -   -> 'logOnProject', step name 'Install components', elapsed time since previous step: 152 ms
2024-12-01 12:12:36,265 INFO  org.talend.commons.utils.time.TimeMeasurePerformance  -   -> 'logOnProject', step name 'beforeLogon', elapsed time since previous step: 4 ms
2024-12-01 12:12:36,920 INFO  org.talend.commons.utils.time.TimeMeasurePerformance  -   -> 'logOnProject', step name 'Sync components libraries', elapsed time since previous step: 655 ms
2024-12-01 12:12:36,963 INFO  org.talend.commons.utils.time.TimeMeasurePerformance  -   -> 'logOnProject', step name 'executeMigrations(beforeLogonTasks)', elapsed time since previous step: 43 ms
2024-12-01 12:12:37,120 INFO  org.talend.commons.utils.time.TimeMeasurePerformance  -   -> 'logOnProject', step name 'logOnProject', elapsed time since previous step: 157 ms
2024-12-01 12:12:37,244 INFO  org.talend.commons.utils.time.TimeMeasurePerformance  -   -> 'logOnProject', step name 'executeMigrations(afterLogonTasks)', elapsed time since previous step: 124 ms
2024-12-01 12:12:37,250 INFO  org.talend.commons.utils.time.TimeMeasurePerformance  -   -> 'logOnProject', step name 'clean Java project', elapsed time since previous step: 6 ms
2024-12-01 12:12:39,409 INFO  org.talend.commons.utils.time.TimeMeasurePerformance  -   -> 'logOnProject', step name 'clean workspace history', elapsed time since previous step: 2159 ms
2024-12-01 12:12:39,415 INFO  org.talend.commons.utils.time.TimeMeasurePerformance  -   -> 'logOnProject', step name 'sync log4j', elapsed time since previous step: 6 ms
2024-12-01 12:12:39,420 INFO  org.talend.commons.utils.time.TimeMeasurePerformance  -   End 'logOnProject', elapsed time since last request: 6 ms 
2024-12-01 12:12:39,420 INFO  org.talend.commons.utils.time.TimeMeasurePerformance  -   End 'logOnProject', total elapsed time: 3311 ms 
2024-12-01 12:12:43,503 INFO  org.talend.commons.utils.time.TimeMeasurePerformance  - Warning (end): timer logOnProject does'nt exist
2024-12-01 12:12:49,114 INFO  org.talend.commons.utils.time.TimeMeasurePerformance  - Warning (end): timer logOnProject does'nt exist
